<?xml version="1.0" encoding="UTF-8"?>
<Site BuildName="Linux-g++"
	BuildStamp="20231031-2028-Experimental"
	Name="hu"
	Generator="ctest-3.25.1"
	CompilerName="/usr/bin/g++"
	CompilerVersion="13.1.0"
	OSName="Linux"
	Hostname="hu"
	OSRelease="6.2.0-36-generic"
	OSVersion="#37-Ubuntu SMP PREEMPT_DYNAMIC Wed Oct  4 10:14:28 UTC 2023"
	OSPlatform="x86_64"
	Is64Bits="1"
	VendorString="GenuineIntel"
	VendorID="Intel Corporation"
	FamilyID="6"
	ModelID="154"
	ProcessorCacheSize="24576"
	NumberOfLogicalCPU="20"
	NumberOfPhysicalCPU="14"
	TotalVirtualMemory="0"
	TotalPhysicalMemory="15667"
	LogicalProcessorsPerPhysical="1"
	ProcessorClockFrequency="4052.9"
	>
	<Testing>
		<StartDateTime>Oct 31 21:28 CET</StartDateTime>
		<StartTestTime>1698784090</StartTestTime>
		<TestList/>
		<EndDateTime>Oct 31 21:28 CET</EndDateTime>
		<EndTestTime>1698784090</EndTestTime>
		<ElapsedMinutes>0</ElapsedMinutes>
	</Testing>
</Site>
