<?xml version="1.0" encoding="UTF-8"?>
<Site BuildName="Linux-g++"
	BuildStamp="20231029-2143-Experimental"
	Name="hu"
	Generator="ctest-3.25.1"
	CompilerName="/usr/bin/g++"
	CompilerVersion="13.1.0"
	OSName="Linux"
	Hostname="hu"
	OSRelease="6.2.0-35-generic"
	OSVersion="#35-Ubuntu SMP PREEMPT_DYNAMIC Tue Oct  3 13:14:56 UTC 2023"
	OSPlatform="x86_64"
	Is64Bits="1"
	VendorString="GenuineIntel"
	VendorID="Intel Corporation"
	FamilyID="6"
	ModelID="154"
	ProcessorCacheSize="24576"
	NumberOfLogicalCPU="20"
	NumberOfPhysicalCPU="14"
	TotalVirtualMemory="0"
	TotalPhysicalMemory="15667"
	LogicalProcessorsPerPhysical="1"
	ProcessorClockFrequency="4263.57"
	>
	<Testing>
		<StartDateTime>Oct 29 22:43 CET</StartDateTime>
		<StartTestTime>1698615803</StartTestTime>
		<TestList/>
		<EndDateTime>Oct 29 22:43 CET</EndDateTime>
		<EndTestTime>1698615803</EndTestTime>
		<ElapsedMinutes>0</ElapsedMinutes>
	</Testing>
</Site>
